Determining if the pthread_create exist failed with the following output:
Change Dir: /home/apolinario/catkin_ventsup_ws/build/CMakeFiles/CMakeTmp

Run Build Command:"/usr/bin/make" "cmTC_099fe/fast"
/usr/bin/make -f CMakeFiles/cmTC_099fe.dir/build.make CMakeFiles/cmTC_099fe.dir/build
make[1]: Entering directory '/home/apolinario/catkin_ventsup_ws/build/CMakeFiles/CMakeTmp'
Building C object CMakeFiles/cmTC_099fe.dir/CheckSymbolExists.c.o
/usr/bin/cc    -o CMakeFiles/cmTC_099fe.dir/CheckSymbolExists.c.o   -c /home/apolinario/catkin_ventsup_ws/build/CMakeFiles/CMakeTmp/CheckSymbolExists.c
Linking C executable cmTC_099fe
/usr/bin/cmake -E cmake_link_script CMakeFiles/cmTC_099fe.dir/link.txt --verbose=1
/usr/bin/cc      -rdynamic CMakeFiles/cmTC_099fe.dir/CheckSymbolExists.c.o  -o cmTC_099fe 
CMakeFiles/cmTC_099fe.dir/CheckSymbolExists.c.o: na função `main':
CheckSymbolExists.c:(.text+0x1b): referência indefinida a `pthread_create'
collect2: error: ld returned 1 exit status
CMakeFiles/cmTC_099fe.dir/build.make:97: recipe for target 'cmTC_099fe' failed
make[1]: *** [cmTC_099fe] Error 1
make[1]: Leaving directory '/home/apolinario/catkin_ventsup_ws/build/CMakeFiles/CMakeTmp'
Makefile:126: recipe for target 'cmTC_099fe/fast' failed
make: *** [cmTC_099fe/fast] Error 2

File /home/apolinario/catkin_ventsup_ws/build/CMakeFiles/CMakeTmp/CheckSymbolExists.c:
/* */
#include <pthread.h>

int main(int argc, char** argv)
{
  (void)argv;
#ifndef pthread_create
  return ((int*)(&pthread_create))[argc];
#else
  (void)argc;
  return 0;
#endif
}

Determining if the function pthread_create exists in the pthreads failed with the following output:
Change Dir: /home/apolinario/catkin_ventsup_ws/build/CMakeFiles/CMakeTmp

Run Build Command:"/usr/bin/make" "cmTC_c63e0/fast"
/usr/bin/make -f CMakeFiles/cmTC_c63e0.dir/build.make CMakeFiles/cmTC_c63e0.dir/build
make[1]: Entering directory '/home/apolinario/catkin_ventsup_ws/build/CMakeFiles/CMakeTmp'
Building C object CMakeFiles/cmTC_c63e0.dir/CheckFunctionExists.c.o
/usr/bin/cc   -DCHECK_FUNCTION_EXISTS=pthread_create   -o CMakeFiles/cmTC_c63e0.dir/CheckFunctionExists.c.o   -c /usr/share/cmake-3.10/Modules/CheckFunctionExists.c
Linking C executable cmTC_c63e0
/usr/bin/cmake -E cmake_link_script CMakeFiles/cmTC_c63e0.dir/link.txt --verbose=1
/usr/bin/cc  -DCHECK_FUNCTION_EXISTS=pthread_create    -rdynamic CMakeFiles/cmTC_c63e0.dir/CheckFunctionExists.c.o  -o cmTC_c63e0 -lpthreads 
/usr/bin/ld: não foi possível localizar -lpthreads
collect2: error: ld returned 1 exit status
CMakeFiles/cmTC_c63e0.dir/build.make:97: recipe for target 'cmTC_c63e0' failed
make[1]: *** [cmTC_c63e0] Error 1
make[1]: Leaving directory '/home/apolinario/catkin_ventsup_ws/build/CMakeFiles/CMakeTmp'
Makefile:126: recipe for target 'cmTC_c63e0/fast' failed
make: *** [cmTC_c63e0/fast] Error 2


